2025-04-14 18:40:36.055 | DEBUG    | app.main:<module>:36 - Debug log from Loguru.
2025-04-14 18:40:36.056 | INFO     | app.main:<module>:37 - Info log from Loguru.
2025-04-14 18:40:36.056 | WARNING  | app.main:<module>:38 - Warning log from Loguru.
2025-04-14 18:44:36.026 | INFO     | app.main:check_redis_connection:45 - Redis Connected!
2025-04-14 18:49:14.228 | INFO     | app.main:check_redis_connection:45 - Redis Connected!
2025-04-14 18:52:20.112 | INFO     | app.main:check_redis_connection:45 - Redis Connected!
2025-04-14 18:54:14.536 | INFO     | app.main:startup_event:61 - Redis connected on startup
2025-04-14 18:58:26.944 | INFO     | app.main:startup_event:61 - Redis connected on startup
2025-04-14 19:05:59.389 | INFO     | app.main:startup_event:61 - Redis connected on startup
2025-04-14 19:07:05.679 | INFO     | app.main:startup_event:61 - Redis connected on startup
2025-04-14 19:10:27.422 | INFO     | app.main:startup_event:61 - Redis connected on startup
2025-04-14 19:11:54.697 | INFO     | app.main:startup_event:61 - Redis connected on startup
2025-04-14 19:13:16.372 | INFO     | app.main:startup_event:61 - Redis connected on startup
2025-04-14 19:19:20.388 | INFO     | app.main:startup_event:61 - Redis connected on startup
2025-04-14 19:22:28.456 | INFO     | app.main:startup_event:61 - Redis connected on startup
2025-04-14 19:29:43.170 | INFO     | app.main:startup_event:61 - Redis connected on startup
2025-04-14 19:33:43.281 | INFO     | app.main:startup_event:61 - Redis connected on startup
2025-04-14 19:34:53.688 | INFO     | app.main:startup_event:61 - Redis connected on startup
2025-04-14 19:37:05.951 | INFO     | app.main:startup_event:61 - Redis connected on startup
2025-04-14 19:50:32.659 | INFO     | app.main:startup_event:61 - Redis connected on startup
2025-04-14 19:55:34.242 | INFO     | app.main:startup_event:61 - Redis connected on startup
2025-04-14 19:56:24.915 | INFO     | app.main:startup_event:61 - Redis connected on startup
2025-04-14 19:58:34.612 | INFO     | app.main:startup_event:61 - Redis connected on startup
2025-04-14 19:59:31.290 | INFO     | app.main:startup_event:61 - Redis connected on startup
2025-04-14 20:00:54.866 | INFO     | app.main:startup_event:61 - Redis connected on startup
2025-04-14 20:02:31.982 | INFO     | app.main:startup_event:61 - Redis connected on startup
2025-04-14 20:03:15.016 | INFO     | app.main:startup_event:61 - Redis connected on startup
2025-04-14 20:03:45.951 | INFO     | app.main:startup_event:61 - Redis connected on startup
2025-04-14 20:05:23.787 | INFO     | app.main:startup_event:61 - Redis connected on startup
2025-04-14 20:07:06.385 | INFO     | app.main:startup_event:61 - Redis connected on startup
2025-04-14 20:09:05.933 | INFO     | app.main:startup_event:61 - Redis connected on startup
2025-04-14 20:13:03.191 | INFO     | app.main:startup_event:61 - Redis connected on startup
2025-04-14 20:14:19.572 | INFO     | app.main:startup_event:61 - Redis connected on startup
2025-04-14 20:16:26.286 | INFO     | app.main:startup_event:61 - Redis connected on startup
2025-04-14 20:18:10.864 | INFO     | app.main:startup_event:62 - Redis connected on startup
2025-04-14 20:19:14.918 | INFO     | app.main:startup_event:62 - Redis connected on startup
2025-04-14 20:20:19.883 | INFO     | app.main:startup_event:62 - Redis connected on startup
2025-04-14 20:21:49.698 | INFO     | app.main:startup_event:62 - Redis connected on startup
2025-04-14 20:23:18.156 | INFO     | app.main:startup_event:62 - Redis connected on startup
2025-04-14 20:24:46.287 | INFO     | app.main:startup_event:62 - Redis connected on startup
2025-04-14 20:26:53.195 | INFO     | app.main:startup_event:62 - Redis connected on startup
2025-04-14 20:28:43.445 | INFO     | app.main:startup_event:62 - Redis connected on startup
2025-04-14 20:30:04.436 | INFO     | app.main:startup_event:62 - Redis connected on startup
2025-04-14 20:31:21.535 | INFO     | app.main:startup_event:62 - Redis connected on startup
2025-04-14 20:34:13.260 | INFO     | app.main:startup_event:62 - Redis connected on startup
2025-04-14 20:38:40.790 | INFO     | app.main:startup_event:62 - Redis connected on startup
2025-04-14 20:42:58.830 | INFO     | app.main:startup_event:62 - Redis connected on startup
2025-04-14 20:44:04.955 | INFO     | app.main:startup_event:62 - Redis connected on startup
2025-04-14 20:45:35.793 | INFO     | app.main:startup_event:62 - Redis connected on startup
2025-04-14 20:46:22.158 | INFO     | app.main:startup_event:62 - Redis connected on startup
2025-04-14 20:48:19.155 | INFO     | app.main:startup_event:62 - Redis connected on startup
2025-04-14 20:50:04.798 | INFO     | app.main:startup_event:62 - Redis connected on startup
2025-04-14 20:50:44.631 | INFO     | app.main:startup_event:62 - Redis connected on startup
2025-04-14 20:51:34.880 | INFO     | app.main:startup_event:62 - Redis connected on startup
2025-04-14 20:52:50.576 | INFO     | app.main:startup_event:62 - Redis connected on startup
2025-04-14 20:53:36.430 | INFO     | app.main:startup_event:62 - Redis connected on startup
2025-04-14 20:54:16.839 | INFO     | app.main:startup_event:62 - Redis connected on startup
2025-04-14 20:54:43.773 | INFO     | app.main:startup_event:62 - Redis connected on startup
2025-04-14 20:55:01.618 | INFO     | app.main:startup_event:62 - Redis connected on startup
2025-04-14 20:55:43.186 | INFO     | app.main:startup_event:62 - Redis connected on startup
2025-04-14 20:57:54.862 | INFO     | app.main:startup_event:62 - Redis connected on startup
2025-04-14 20:59:33.492 | INFO     | app.main:startup_event:62 - Redis connected on startup
2025-04-14 21:00:06.706 | INFO     | app.main:startup_event:62 - Redis connected on startup
2025-04-14 21:02:37.618 | INFO     | app.main:startup_event:62 - Redis connected on startup
2025-04-14 21:03:05.420 | INFO     | app.main:startup_event:62 - Redis connected on startup
2025-04-14 21:03:42.684 | INFO     | app.main:startup_event:62 - Redis connected on startup
2025-04-14 21:04:08.789 | INFO     | app.main:startup_event:62 - Redis connected on startup
2025-04-14 21:04:38.335 | INFO     | app.main:startup_event:62 - Redis connected on startup
2025-04-14 21:05:17.529 | INFO     | app.main:startup_event:62 - Redis connected on startup
2025-04-14 21:06:54.353 | INFO     | app.main:startup_event:62 - Redis connected on startup
2025-04-14 21:07:02.046 | INFO     | app.main:startup_event:62 - Redis connected on startup
2025-04-14 21:08:00.118 | INFO     | app.main:startup_event:62 - Redis connected on startup
2025-04-14 21:08:27.888 | INFO     | app.main:startup_event:62 - Redis connected on startup
2025-04-14 21:08:53.946 | INFO     | app.main:startup_event:62 - Redis connected on startup
2025-04-14 21:11:19.540 | INFO     | app.main:startup_event:62 - Redis connected on startup
